0 info it worked if it ends with ok
1 verbose cli [ '/home/robert/.nvm/v0.10.35/bin/node',
1 verbose cli   '/home/robert/.nvm/v0.10.35/bin/npm',
1 verbose cli   'install' ]
2 info using npm@1.4.28
3 info using node@v0.10.35
4 warn package.json Portfolio@0.0.1 No repository field.
5 verbose readDependencies using package.json deps
6 verbose install where, deps [ '/home/robert/Projects/roberttalamantez.com',
6 verbose install   [ 'express',
6 verbose install     'express-handlebars',
6 verbose install     'grunt',
6 verbose install     'grunt-contrib-watch',
6 verbose install     'node-bourbon',
6 verbose install     'chai',
6 verbose install     'chai-as-promised',
6 verbose install     'grunt-contrib-clean',
6 verbose install     'grunt-contrib-copy',
6 verbose install     'grunt-contrib-cssmin',
6 verbose install     'grunt-contrib-jshint',
6 verbose install     'grunt-contrib-sass',
6 verbose install     'grunt-contrib-uglify',
6 verbose install     'grunt-mocha-test',
6 verbose install     'load-grunt-tasks',
6 verbose install     'mocha',
6 verbose install     'mocha-phantomjs',
6 verbose install     'node-neat',
6 verbose install     'node-refills',
6 verbose install     'phantomjs',
6 verbose install     'supertest',
6 verbose install     'supervisor' ] ]
7 info preinstall Portfolio@0.0.1
8 verbose readDependencies using package.json deps
9 verbose already installed skipping express@^4.10.2 /home/robert/Projects/roberttalamantez.com
10 verbose already installed skipping express-handlebars@^1.2.1 /home/robert/Projects/roberttalamantez.com
11 verbose already installed skipping grunt@^0.4.5 /home/robert/Projects/roberttalamantez.com
12 verbose already installed skipping grunt-contrib-watch@^0.6.1 /home/robert/Projects/roberttalamantez.com
13 verbose already installed skipping node-bourbon@~1.0.0 /home/robert/Projects/roberttalamantez.com
14 verbose already installed skipping chai@^1.10.0 /home/robert/Projects/roberttalamantez.com
15 verbose already installed skipping chai-as-promised@^4.1.1 /home/robert/Projects/roberttalamantez.com
16 verbose already installed skipping grunt-contrib-clean@^0.6.0 /home/robert/Projects/roberttalamantez.com
17 verbose already installed skipping grunt-contrib-copy@^0.7.0 /home/robert/Projects/roberttalamantez.com
18 verbose already installed skipping grunt-contrib-cssmin@^0.11.0 /home/robert/Projects/roberttalamantez.com
19 verbose already installed skipping grunt-contrib-jshint@^0.10.0 /home/robert/Projects/roberttalamantez.com
20 verbose already installed skipping grunt-contrib-sass@^0.8.1 /home/robert/Projects/roberttalamantez.com
21 verbose already installed skipping grunt-contrib-uglify@^0.8.0 /home/robert/Projects/roberttalamantez.com
22 verbose already installed skipping grunt-mocha-test@^0.12.4 /home/robert/Projects/roberttalamantez.com
23 verbose already installed skipping load-grunt-tasks@^2.0.0 /home/robert/Projects/roberttalamantez.com
24 verbose already installed skipping mocha@^2.1.0 /home/robert/Projects/roberttalamantez.com
25 verbose already installed skipping mocha-phantomjs@^3.5.2 /home/robert/Projects/roberttalamantez.com
26 verbose already installed skipping node-neat@^1.4.2 /home/robert/Projects/roberttalamantez.com
27 verbose already installed skipping node-refills@^1.0.1 /home/robert/Projects/roberttalamantez.com
28 verbose already installed skipping phantomjs@^1.9.13 /home/robert/Projects/roberttalamantez.com
29 verbose already installed skipping supertest@^0.15.0 /home/robert/Projects/roberttalamantez.com
30 verbose already installed skipping supervisor@^0.6.0 /home/robert/Projects/roberttalamantez.com
31 silly resolved []
32 info build /home/robert/Projects/roberttalamantez.com
33 verbose linkStuff [ false, false, false, '/home/robert/Projects' ]
34 info linkStuff Portfolio@0.0.1
35 verbose linkBins Portfolio@0.0.1
36 verbose linkMans Portfolio@0.0.1
37 verbose rebuildBundles Portfolio@0.0.1
38 verbose rebuildBundles [ '.bin',
38 verbose rebuildBundles   'chai',
38 verbose rebuildBundles   'chai-as-promised',
38 verbose rebuildBundles   'express',
38 verbose rebuildBundles   'express-handlebars',
38 verbose rebuildBundles   'grunt',
38 verbose rebuildBundles   'grunt-bower-concat',
38 verbose rebuildBundles   'grunt-bower-install',
38 verbose rebuildBundles   'grunt-cli',
38 verbose rebuildBundles   'grunt-contrib-clean',
38 verbose rebuildBundles   'grunt-contrib-copy',
38 verbose rebuildBundles   'grunt-contrib-cssmin',
38 verbose rebuildBundles   'grunt-contrib-jshint',
38 verbose rebuildBundles   'grunt-contrib-sass',
38 verbose rebuildBundles   'grunt-contrib-uglify',
38 verbose rebuildBundles   'grunt-contrib-watch',
38 verbose rebuildBundles   'grunt-mocha-test',
38 verbose rebuildBundles   'load-grunt-tasks',
38 verbose rebuildBundles   'mocha',
38 verbose rebuildBundles   'mocha-phantomjs',
38 verbose rebuildBundles   'node-bourbon',
38 verbose rebuildBundles   'node-neat',
38 verbose rebuildBundles   'node-refills',
38 verbose rebuildBundles   'phantomjs',
38 verbose rebuildBundles   'supertest',
38 verbose rebuildBundles   'supervisor' ]
39 verbose rebuild bundle /home/robert/Projects/roberttalamantez.com/node_modules/grunt-bower-concat
40 info build /home/robert/Projects/roberttalamantez.com/node_modules/grunt-bower-concat
41 info preinstall grunt-bower-concat@0.4.0
42 verbose linkStuff [ false,
42 verbose linkStuff   false,
42 verbose linkStuff   false,
42 verbose linkStuff   '/home/robert/Projects/roberttalamantez.com/node_modules' ]
43 info linkStuff grunt-bower-concat@0.4.0
44 verbose linkBins grunt-bower-concat@0.4.0
45 verbose linkMans grunt-bower-concat@0.4.0
46 verbose rebuildBundles grunt-bower-concat@0.4.0
47 info install grunt-bower-concat@0.4.0
48 info postinstall grunt-bower-concat@0.4.0
49 verbose rebuild bundle /home/robert/Projects/roberttalamantez.com/node_modules/grunt-bower-install
50 info build /home/robert/Projects/roberttalamantez.com/node_modules/grunt-bower-install
51 info preinstall grunt-bower-install@1.6.0
52 verbose linkStuff [ false,
52 verbose linkStuff   false,
52 verbose linkStuff   false,
52 verbose linkStuff   '/home/robert/Projects/roberttalamantez.com/node_modules' ]
53 info linkStuff grunt-bower-install@1.6.0
54 verbose linkBins grunt-bower-install@1.6.0
55 verbose linkMans grunt-bower-install@1.6.0
56 verbose rebuildBundles grunt-bower-install@1.6.0
57 verbose rebuildBundles [ 'bower-config', 'wiredep' ]
58 info install grunt-bower-install@1.6.0
59 info postinstall grunt-bower-install@1.6.0
60 verbose rebuild bundle /home/robert/Projects/roberttalamantez.com/node_modules/grunt-cli
61 info build /home/robert/Projects/roberttalamantez.com/node_modules/grunt-cli
62 info preinstall grunt-cli@0.1.13
63 verbose linkStuff [ false,
63 verbose linkStuff   false,
63 verbose linkStuff   false,
63 verbose linkStuff   '/home/robert/Projects/roberttalamantez.com/node_modules' ]
64 info linkStuff grunt-cli@0.1.13
65 warn prefer global grunt-cli@0.1.13 should be installed with -g
66 verbose linkBins grunt-cli@0.1.13
67 verbose link bins [ { grunt: 'bin/grunt' },
67 verbose link bins   '/home/robert/Projects/roberttalamantez.com/node_modules/.bin',
67 verbose link bins   false ]
68 verbose linkMans grunt-cli@0.1.13
69 verbose rebuildBundles grunt-cli@0.1.13
70 verbose rebuildBundles [ '.bin', 'findup-sync', 'nopt', 'resolve' ]
71 info install grunt-cli@0.1.13
72 info postinstall grunt-cli@0.1.13
73 info install Portfolio@0.0.1
74 info postinstall Portfolio@0.0.1
75 verbose unsafe-perm in lifecycle true
76 info Portfolio@0.0.1 Failed to exec postinstall script
77 error Portfolio@0.0.1 postinstall: `echo postinstall time; ./node_modules/grunt-cli/bin/grunt`
77 error Exit status 3
78 error Failed at the Portfolio@0.0.1 postinstall script.
78 error This is most likely a problem with the Portfolio package,
78 error not with npm itself.
78 error Tell the author that this fails on your system:
78 error     echo postinstall time; ./node_modules/grunt-cli/bin/grunt
78 error You can get their info via:
78 error     npm owner ls Portfolio
78 error There is likely additional logging output above.
79 error System Linux 3.13.0-40-generic
80 error command "/home/robert/.nvm/v0.10.35/bin/node" "/home/robert/.nvm/v0.10.35/bin/npm" "install"
81 error cwd /home/robert/Projects/roberttalamantez.com
82 error node -v v0.10.35
83 error npm -v 1.4.28
84 error code ELIFECYCLE
85 verbose exit [ 1, true ]
